<?xml version="1.0" encoding="UTF-8"?>
<testsuite name="vueService.PersonControllerTest" time="0" tests="1" errors="1" skipped="0" failures="0">
  <properties>
[...]
</properties>
  <testcase name="initializationError" classname="vueService.PersonControllerTest" time="0">
    <error message="Unable to find a @SpringBootConfiguration, you need to use @ContextConfiguration or @SpringBootTest(classes=...) with your test" type="java.lang.IllegalStateException"><![CDATA[java.lang.IllegalStateException: Unable to find a @SpringBootConfiguration, you need to use @ContextConfiguration or @SpringBootTest(classes=...) with your test
	at org.springframework.util.Assert.state(Assert.java:70)
	at org.springframework.boot.test.context.SpringBootTestContextBootstrapper.getOrFindConfigurationClasses(SpringBootTestContextBootstrapper.java:202)
	at org.springframework.boot.test.context.SpringBootTestContextBootstrapper.processMergedContextConfiguration(SpringBootTestContextBootstrapper.java:137)
	at org.springframework.test.context.support.AbstractTestContextBootstrapper.buildMergedContextConfiguration(AbstractTestContextBootstrapper.java:409)
	at org.springframework.test.context.support.AbstractTestContextBootstrapper.buildDefaultMergedContextConfiguration(AbstractTestContextBootstrapper.java:323)
	at org.springframework.test.context.support.AbstractTestContextBootstrapper.buildMergedContextConfiguration(AbstractTestContextBootstrapper.java:277)
	at org.springframework.test.context.support.AbstractTestContextBootstrapper.buildTestContext(AbstractTestContextBootstrapper.java:112)
	at org.springframework.boot.test.context.SpringBootTestContextBootstrapper.buildTestContext(SpringBootTestContextBootstrapper.java:82)
	at org.springframework.test.context.TestContextManager.<init>(TestContextManager.java:120)
	at org.springframework.test.context.TestContextManager.<init>(TestContextManager.java:105)
	at org.springframework.test.context.junit4.SpringJUnit4ClassRunner.createTestContextManager(SpringJUnit4ClassRunner.java:152)
	at org.springframework.test.context.junit4.SpringJUnit4ClassRunner.<init>(SpringJUnit4ClassRunner.java:143)
	at org.springframework.test.context.junit4.SpringRunner.<init>(SpringRunner.java:49)
	at sun.reflect.NativeConstructorAccessorImpl.newInstance0(Native Method)
	at sun.reflect.NativeConstructorAccessorImpl.newInstance(NativeConstructorAccessorImpl.java:57)
	at sun.reflect.DelegatingConstructorAccessorImpl.newInstance(DelegatingConstructorAccessorImpl.java:45)
	at java.lang.reflect.Constructor.newInstance(Constructor.java:525)
	at org.junit.internal.builders.AnnotatedBuilder.buildRunner(AnnotatedBuilder.java:104)
	at org.junit.internal.builders.AnnotatedBuilder.runnerForClass(AnnotatedBuilder.java:86)
	at org.junit.runners.model.RunnerBuilder.safeRunnerForClass(RunnerBuilder.java:59)
	at org.junit.internal.builders.AllDefaultPossibilitiesBuilder.runnerForClass(AllDefaultPossibilitiesBuilder.java:26)
	at org.junit.runners.model.RunnerBuilder.safeRunnerForClass(RunnerBuilder.java:59)
	at org.junit.internal.requests.ClassRequest.getRunner(ClassRequest.java:33)
	at org.apache.maven.surefire.junit4.JUnit4Provider.execute(JUnit4Provider.java:283)
	at org.apache.maven.surefire.junit4.JUnit4Provider.executeWithRerun(JUnit4Provider.java:173)
	at org.apache.maven.surefire.junit4.JUnit4Provider.executeTestSet(JUnit4Provider.java:153)
	at org.apache.maven.surefire.junit4.JUnit4Provider.invoke(JUnit4Provider.java:128)
	at org.apache.maven.surefire.booter.ForkedBooter.invokeProviderInSameClassLoader(ForkedBooter.java:203)
	at org.apache.maven.surefire.booter.ForkedBooter.runSuitesInProcess(ForkedBooter.java:155)
	at org.apache.maven.surefire.booter.ForkedBooter.main(ForkedBooter.java:103)
]]></error>
    <system-out><![CDATA[10:50:20.088 [main] DEBUG org.springframework.test.context.junit4.SpringJUnit4ClassRunner - SpringJUnit4ClassRunner constructor called with [class vueService.PersonControllerTest]
10:50:20.098 [main] DEBUG org.springframework.test.context.BootstrapUtils - Instantiating CacheAwareContextLoaderDelegate from class [org.springframework.test.context.cache.DefaultCacheAwareContextLoaderDelegate]
10:50:20.108 [main] DEBUG org.springframework.test.context.BootstrapUtils - Instantiating BootstrapContext using constructor [public org.springframework.test.context.support.DefaultBootstrapContext(java.lang.Class,org.springframework.test.context.CacheAwareContextLoaderDelegate)]
10:50:20.118 [main] DEBUG org.springframework.test.context.BootstrapUtils - Instantiating TestContextBootstrapper for test class [vueService.PersonControllerTest] from class [org.springframework.boot.test.context.SpringBootTestContextBootstrapper]
10:50:20.128 [main] INFO org.springframework.boot.test.context.SpringBootTestContextBootstrapper - Neither @ContextConfiguration nor @ContextHierarchy found for test class [vueService.PersonControllerTest], using SpringBootContextLoader
10:50:20.138 [main] DEBUG org.springframework.test.context.support.AbstractContextLoader - Did not detect default resource location for test class [vueService.PersonControllerTest]: class path resource [vueService/PersonControllerTest-context.xml] does not exist
10:50:20.138 [main] DEBUG org.springframework.test.context.support.AbstractContextLoader - Did not detect default resource location for test class [vueService.PersonControllerTest]: class path resource [vueService/PersonControllerTestContext.groovy] does not exist
10:50:20.138 [main] INFO org.springframework.test.context.support.AbstractContextLoader - Could not detect default resource locations for test class [vueService.PersonControllerTest]: no resource found for suffixes {-context.xml, Context.groovy}.
10:50:20.138 [main] INFO org.springframework.test.context.support.AnnotationConfigContextLoaderUtils - Could not detect default configuration classes for test class [vueService.PersonControllerTest]: PersonControllerTest does not declare any static, non-private, non-final, nested classes annotated with @Configuration.
10:50:20.188 [main] DEBUG org.springframework.test.context.support.ActiveProfilesUtils - Could not find an 'annotation declaring class' for annotation type [org.springframework.test.context.ActiveProfiles] and class [vueService.PersonControllerTest]
10:50:20.188 [main] DEBUG org.springframework.core.env.StandardEnvironment - Adding PropertySource 'systemProperties' with lowest search precedence
10:50:20.198 [main] DEBUG org.springframework.core.env.StandardEnvironment - Adding PropertySource 'systemEnvironment' with lowest search precedence
10:50:20.198 [main] DEBUG org.springframework.core.env.StandardEnvironment - Initialized StandardEnvironment with PropertySources [MapPropertySource@426285 {name='systemProperties', properties={java.runtime.name=Java(TM) SE Runtime Environment, sun.boot.library.path=C:\Program Files (x86)\Java\jdk1.7.0_10\jre\bin, java.vm.version=23.6-b04, java.vm.vendor=Oracle Corporation, java.vendor.url=http://java.oracle.com/, path.separator=;, java.vm.name=Java HotSpot(TM) Client VM, file.encoding.pkg=sun.io, user.country=CN, user.script=, sun.java.launcher=SUN_STANDARD, sun.os.patch.level=, java.vm.specification.name=Java Virtual Machine Specification, user.dir=E:\Test\TestiViewService, java.runtime.version=1.7.0_10-b18, basedir=E:\Test\TestiViewService, java.awt.graphicsenv=sun.awt.Win32GraphicsEnvironment, java.endorsed.dirs=C:\Program Files (x86)\Java\jdk1.7.0_10\jre\lib\endorsed, os.arch=x86, surefire.real.class.path=E:\Test\TestiViewService\target\surefire\surefirebooter5854412767998242802.jar, java.io.tmpdir=C:\Users\lenovo\AppData\Local\Temp\, line.separator=
, java.vm.specification.vendor=Oracle Corporation, user.variant=, os.name=Windows 8, sun.jnu.encoding=GBK, java.library.path=C:\Program Files (x86)\Java\jdk1.7.0_10\jre\bin;C:\WINDOWS\Sun\Java\bin;C:\WINDOWS\system32;C:\WINDOWS;C:\ProgramData\Oracle\Java\javapath;C:\Program Files (x86)\Eziriz\.NET Reactor;C:\Program Files (x86)\Java\jdk1.7.0_10\bin;C:\Python27;E:\LG\apache-maven-3.3.3-bin\apache-maven-3.3.3\bin;D:\SoftwareGreen\JAVA\gradle-2.13\bin;C:\Program Files (x86)\Git\bin;C:\Program Files (x86)\nodejs;C:\Windows\System32;C:\Python27\Scripts;C:\WINDOWS\system32;C:\WINDOWS;C:\WINDOWS\System32\Wbem;C:\WINDOWS\System32\WindowsPowerShell\v1.0\;C:\Program Files\dotnet\;C:\Program Files (x86)\Windows Kits\8.0\Windows Performance Toolkit\;C:\Program Files (x86)\GitExtensions\;C:\Program Files\nodejs\;C:\Go\bin;C:\Program Files (x86)\scala\bin;C:\Program Files (x86)\sbt\bin;D:\javatool\apache-ant-1.9.9\bin;C:\Program Files (x86)\QuickTime\QTSystem\;C:\Ruby22-x64\bin;C:\Program Files (x86)\Microsoft VS Code\bin;C:\Users\lenovo\AppData\Local\Microsoft\WindowsApps;C:\Users\lenovo\AppData\Roaming\npm;C:\Program Files\Docker Toolbox;C:\Users\lenovo\AppData\Local\Programs\Fiddler;., surefire.test.class.path=E:\Test\TestiViewService\target\test-classes;E:\Test\TestiViewService\target\classes;C:\Users\lenovo\.m2\repository\org\springframework\boot\spring-boot-starter-web\1.5.9.RELEASE\spring-boot-starter-web-1.5.9.RELEASE.jar;C:\Users\lenovo\.m2\repository\org\springframework\boot\spring-boot-starter\1.5.9.RELEASE\spring-boot-starter-1.5.9.RELEASE.jar;C:\Users\lenovo\.m2\repository\org\springframework\boot\spring-boot\1.5.9.RELEASE\spring-boot-1.5.9.RELEASE.jar;C:\Users\lenovo\.m2\repository\org\springframework\boot\spring-boot-autoconfigure\1.5.9.RELEASE\spring-boot-autoconfigure-1.5.9.RELEASE.jar;C:\Users\lenovo\.m2\repository\org\springframework\boot\spring-boot-starter-logging\1.5.9.RELEASE\spring-boot-starter-logging-1.5.9.RELEASE.jar;C:\Users\lenovo\.m2\repository\ch\qos\logback\logback-classic\1.1.11\logback-classic-1.1.11.jar;C:\Users\lenovo\.m2\repository\ch\qos\logback\logback-core\1.1.11\logback-core-1.1.11.jar;C:\Users\lenovo\.m2\repository\org\slf4j\jcl-over-slf4j\1.7.25\jcl-over-slf4j-1.7.25.jar;C:\Users\lenovo\.m2\repository\org\slf4j\jul-to-slf4j\1.7.25\jul-to-slf4j-1.7.25.jar;C:\Users\lenovo\.m2\repository\org\slf4j\log4j-over-slf4j\1.7.25\log4j-over-slf4j-1.7.25.jar;C:\Users\lenovo\.m2\repository\org\yaml\snakeyaml\1.17\snakeyaml-1.17.jar;C:\Users\lenovo\.m2\repository\org\springframework\boot\spring-boot-starter-tomcat\1.5.9.RELEASE\spring-boot-starter-tomcat-1.5.9.RELEASE.jar;C:\Users\lenovo\.m2\repository\org\apache\tomcat\embed\tomcat-embed-core\8.5.23\tomcat-embed-core-8.5.23.jar;C:\Users\lenovo\.m2\repository\org\apache\tomcat\tomcat-annotations-api\8.5.23\tomcat-annotations-api-8.5.23.jar;C:\Users\lenovo\.m2\repository\org\apache\tomcat\embed\tomcat-embed-el\8.5.23\tomcat-embed-el-8.5.23.jar;C:\Users\lenovo\.m2\repository\org\apache\tomcat\embed\tomcat-embed-websocket\8.5.23\tomcat-embed-websocket-8.5.23.jar;C:\Users\lenovo\.m2\repository\org\hibernate\hibernate-validator\5.3.6.Final\hibernate-validator-5.3.6.Final.jar;C:\Users\lenovo\.m2\repository\javax\validation\validation-api\1.1.0.Final\validation-api-1.1.0.Final.jar;C:\Users\lenovo\.m2\repository\org\jboss\logging\jboss-logging\3.3.1.Final\jboss-logging-3.3.1.Final.jar;C:\Users\lenovo\.m2\repository\com\fasterxml\classmate\1.3.4\classmate-1.3.4.jar;C:\Users\lenovo\.m2\repository\com\fasterxml\jackson\core\jackson-databind\2.8.10\jackson-databind-2.8.10.jar;C:\Users\lenovo\.m2\repository\com\fasterxml\jackson\core\jackson-annotations\2.8.0\jackson-annotations-2.8.0.jar;C:\Users\lenovo\.m2\repository\com\fasterxml\jackson\core\jackson-core\2.8.10\jackson-core-2.8.10.jar;C:\Users\lenovo\.m2\repository\org\springframework\spring-web\4.3.13.RELEASE\spring-web-4.3.13.RELEASE.jar;C:\Users\lenovo\.m2\repository\org\springframework\spring-aop\4.3.13.RELEASE\spring-aop-4.3.13.RELEASE.jar;C:\Users\lenovo\.m2\repository\org\springframework\spring-context\4.3.13.RELEASE\spring-context-4.3.13.RELEASE.jar;C:\Users\lenovo\.m2\repository\org\springframework\spring-webmvc\4.3.13.RELEASE\spring-webmvc-4.3.13.RELEASE.jar;C:\Users\lenovo\.m2\repository\org\springframework\spring-expression\4.3.13.RELEASE\spring-expression-4.3.13.RELEASE.jar;C:\Users\lenovo\.m2\repository\org\springframework\boot\spring-boot-starter-test\1.5.9.RELEASE\spring-boot-starter-test-1.5.9.RELEASE.jar;C:\Users\lenovo\.m2\repository\org\springframework\boot\spring-boot-test\1.5.9.RELEASE\spring-boot-test-1.5.9.RELEASE.jar;C:\Users\lenovo\.m2\repository\org\springframework\boot\spring-boot-test-autoconfigure\1.5.9.RELEASE\spring-boot-test-autoconfigure-1.5.9.RELEASE.jar;C:\Users\lenovo\.m2\repository\junit\junit\4.12\junit-4.12.jar;C:\Users\lenovo\.m2\repository\org\assertj\assertj-core\2.6.0\assertj-core-2.6.0.jar;C:\Users\lenovo\.m2\repository\org\mockito\mockito-core\1.10.19\mockito-core-1.10.19.jar;C:\Users\lenovo\.m2\repository\org\objenesis\objenesis\2.1\objenesis-2.1.jar;C:\Users\lenovo\.m2\repository\org\hamcrest\hamcrest-core\1.3\hamcrest-core-1.3.jar;C:\Users\lenovo\.m2\repository\org\hamcrest\hamcrest-library\1.3\hamcrest-library-1.3.jar;C:\Users\lenovo\.m2\repository\org\skyscreamer\jsonassert\1.4.0\jsonassert-1.4.0.jar;C:\Users\lenovo\.m2\repository\com\vaadin\external\google\android-json\0.0.20131108.vaadin1\android-json-0.0.20131108.vaadin1.jar;C:\Users\lenovo\.m2\repository\org\springframework\spring-core\4.3.13.RELEASE\spring-core-4.3.13.RELEASE.jar;C:\Users\lenovo\.m2\repository\org\springframework\spring-test\4.3.13.RELEASE\spring-test-4.3.13.RELEASE.jar;C:\Users\lenovo\.m2\repository\org\springframework\spring-jdbc\4.3.13.RELEASE\spring-jdbc-4.3.13.RELEASE.jar;C:\Users\lenovo\.m2\repository\org\springframework\spring-beans\4.3.13.RELEASE\spring-beans-4.3.13.RELEASE.jar;C:\Users\lenovo\.m2\repository\org\springframework\spring-tx\4.3.13.RELEASE\spring-tx-4.3.13.RELEASE.jar;C:\Users\lenovo\.m2\repository\com\jayway\jsonpath\json-path\2.2.0\json-path-2.2.0.jar;C:\Users\lenovo\.m2\repository\net\minidev\json-smart\2.2.1\json-smart-2.2.1.jar;C:\Users\lenovo\.m2\repository\net\minidev\accessors-smart\1.1\accessors-smart-1.1.jar;C:\Users\lenovo\.m2\repository\org\ow2\asm\asm\5.0.3\asm-5.0.3.jar;C:\Users\lenovo\.m2\repository\org\slf4j\slf4j-api\1.7.25\slf4j-api-1.7.25.jar;C:\Users\lenovo\.m2\repository\mysql\mysql-connector-java\5.1.44\mysql-connector-java-5.1.44.jar;C:\Users\lenovo\.m2\repository\com\alibaba\druid\1.0.19\druid-1.0.19.jar;C:\Program Files (x86)\Java\jdk1.7.0_10\jre\..\lib\jconsole.jar;C:\Program Files (x86)\Java\jdk1.7.0_10\jre\..\lib\tools.jar;C:\Users\lenovo\.m2\repository\com\auth0\java-jwt\3.2.0\java-jwt-3.2.0.jar;C:\Users\lenovo\.m2\repository\commons-codec\commons-codec\1.10\commons-codec-1.10.jar;C:\Users\lenovo\.m2\repository\org\bouncycastle\bcprov-jdk15on\1.55\bcprov-jdk15on-1.55.jar;, java.specification.name=Java Platform API Specification, java.class.version=51.0, sun.management.compiler=HotSpot Client Compiler, os.version=6.2, user.home=C:\Users\lenovo, user.timezone=Asia/Shanghai, java.awt.printerjob=sun.awt.windows.WPrinterJob, file.encoding=GBK, java.specification.version=1.7, java.class.path=E:\Test\TestiViewService\target\test-classes;E:\Test\TestiViewService\target\classes;C:\Users\lenovo\.m2\repository\org\springframework\boot\spring-boot-starter-web\1.5.9.RELEASE\spring-boot-starter-web-1.5.9.RELEASE.jar;C:\Users\lenovo\.m2\repository\org\springframework\boot\spring-boot-starter\1.5.9.RELEASE\spring-boot-starter-1.5.9.RELEASE.jar;C:\Users\lenovo\.m2\repository\org\springframework\boot\spring-boot\1.5.9.RELEASE\spring-boot-1.5.9.RELEASE.jar;C:\Users\lenovo\.m2\repository\org\springframework\boot\spring-boot-autoconfigure\1.5.9.RELEASE\spring-boot-autoconfigure-1.5.9.RELEASE.jar;C:\Users\lenovo\.m2\repository\org\springframework\boot\spring-boot-starter-logging\1.5.9.RELEASE\spring-boot-starter-logging-1.5.9.RELEASE.jar;C:\Users\lenovo\.m2\repository\ch\qos\logback\logback-classic\1.1.11\logback-classic-1.1.11.jar;C:\Users\lenovo\.m2\repository\ch\qos\logback\logback-core\1.1.11\logback-core-1.1.11.jar;C:\Users\lenovo\.m2\repository\org\slf4j\jcl-over-slf4j\1.7.25\jcl-over-slf4j-1.7.25.jar;C:\Users\lenovo\.m2\repository\org\slf4j\jul-to-slf4j\1.7.25\jul-to-slf4j-1.7.25.jar;C:\Users\lenovo\.m2\repository\org\slf4j\log4j-over-slf4j\1.7.25\log4j-over-slf4j-1.7.25.jar;C:\Users\lenovo\.m2\repository\org\yaml\snakeyaml\1.17\snakeyaml-1.17.jar;C:\Users\lenovo\.m2\repository\org\springframework\boot\spring-boot-starter-tomcat\1.5.9.RELEASE\spring-boot-starter-tomcat-1.5.9.RELEASE.jar;C:\Users\lenovo\.m2\repository\org\apache\tomcat\embed\tomcat-embed-core\8.5.23\tomcat-embed-core-8.5.23.jar;C:\Users\lenovo\.m2\repository\org\apache\tomcat\tomcat-annotations-api\8.5.23\tomcat-annotations-api-8.5.23.jar;C:\Users\lenovo\.m2\repository\org\apache\tomcat\embed\tomcat-embed-el\8.5.23\tomcat-embed-el-8.5.23.jar;C:\Users\lenovo\.m2\repository\org\apache\tomcat\embed\tomcat-embed-websocket\8.5.23\tomcat-embed-websocket-8.5.23.jar;C:\Users\lenovo\.m2\repository\org\hibernate\hibernate-validator\5.3.6.Final\hibernate-validator-5.3.6.Final.jar;C:\Users\lenovo\.m2\repository\javax\validation\validation-api\1.1.0.Final\validation-api-1.1.0.Final.jar;C:\Users\lenovo\.m2\repository\org\jboss\logging\jboss-logging\3.3.1.Final\jboss-logging-3.3.1.Final.jar;C:\Users\lenovo\.m2\repository\com\fasterxml\classmate\1.3.4\classmate-1.3.4.jar;C:\Users\lenovo\.m2\repository\com\fasterxml\jackson\core\jackson-databind\2.8.10\jackson-databind-2.8.10.jar;C:\Users\lenovo\.m2\repository\com\fasterxml\jackson\core\jackson-annotations\2.8.0\jackson-annotations-2.8.0.jar;C:\Users\lenovo\.m2\repository\com\fasterxml\jackson\core\jackson-core\2.8.10\jackson-core-2.8.10.jar;C:\Users\lenovo\.m2\repository\org\springframework\spring-web\4.3.13.RELEASE\spring-web-4.3.13.RELEASE.jar;C:\Users\lenovo\.m2\repository\org\springframework\spring-aop\4.3.13.RELEASE\spring-aop-4.3.13.RELEASE.jar;C:\Users\lenovo\.m2\repository\org\springframework\spring-context\4.3.13.RELEASE\spring-context-4.3.13.RELEASE.jar;C:\Users\lenovo\.m2\repository\org\springframework\spring-webmvc\4.3.13.RELEASE\spring-webmvc-4.3.13.RELEASE.jar;C:\Users\lenovo\.m2\repository\org\springframework\spring-expression\4.3.13.RELEASE\spring-expression-4.3.13.RELEASE.jar;C:\Users\lenovo\.m2\repository\org\springframework\boot\spring-boot-starter-test\1.5.9.RELEASE\spring-boot-starter-test-1.5.9.RELEASE.jar;C:\Users\lenovo\.m2\repository\org\springframework\boot\spring-boot-test\1.5.9.RELEASE\spring-boot-test-1.5.9.RELEASE.jar;C:\Users\lenovo\.m2\repository\org\springframework\boot\spring-boot-test-autoconfigure\1.5.9.RELEASE\spring-boot-test-autoconfigure-1.5.9.RELEASE.jar;C:\Users\lenovo\.m2\repository\junit\junit\4.12\junit-4.12.jar;C:\Users\lenovo\.m2\repository\org\assertj\assertj-core\2.6.0\assertj-core-2.6.0.jar;C:\Users\lenovo\.m2\repository\org\mockito\mockito-core\1.10.19\mockito-core-1.10.19.jar;C:\Users\lenovo\.m2\repository\org\objenesis\objenesis\2.1\objenesis-2.1.jar;C:\Users\lenovo\.m2\repository\org\hamcrest\hamcrest-core\1.3\hamcrest-core-1.3.jar;C:\Users\lenovo\.m2\repository\org\hamcrest\hamcrest-library\1.3\hamcrest-library-1.3.jar;C:\Users\lenovo\.m2\repository\org\skyscreamer\jsonassert\1.4.0\jsonassert-1.4.0.jar;C:\Users\lenovo\.m2\repository\com\vaadin\external\google\android-json\0.0.20131108.vaadin1\android-json-0.0.20131108.vaadin1.jar;C:\Users\lenovo\.m2\repository\org\springframework\spring-core\4.3.13.RELEASE\spring-core-4.3.13.RELEASE.jar;C:\Users\lenovo\.m2\repository\org\springframework\spring-test\4.3.13.RELEASE\spring-test-4.3.13.RELEASE.jar;C:\Users\lenovo\.m2\repository\org\springframework\spring-jdbc\4.3.13.RELEASE\spring-jdbc-4.3.13.RELEASE.jar;C:\Users\lenovo\.m2\repository\org\springframework\spring-beans\4.3.13.RELEASE\spring-beans-4.3.13.RELEASE.jar;C:\Users\lenovo\.m2\repository\org\springframework\spring-tx\4.3.13.RELEASE\spring-tx-4.3.13.RELEASE.jar;C:\Users\lenovo\.m2\repository\com\jayway\jsonpath\json-path\2.2.0\json-path-2.2.0.jar;C:\Users\lenovo\.m2\repository\net\minidev\json-smart\2.2.1\json-smart-2.2.1.jar;C:\Users\lenovo\.m2\repository\net\minidev\accessors-smart\1.1\accessors-smart-1.1.jar;C:\Users\lenovo\.m2\repository\org\ow2\asm\asm\5.0.3\asm-5.0.3.jar;C:\Users\lenovo\.m2\repository\org\slf4j\slf4j-api\1.7.25\slf4j-api-1.7.25.jar;C:\Users\lenovo\.m2\repository\mysql\mysql-connector-java\5.1.44\mysql-connector-java-5.1.44.jar;C:\Users\lenovo\.m2\repository\com\alibaba\druid\1.0.19\druid-1.0.19.jar;C:\Program Files (x86)\Java\jdk1.7.0_10\jre\..\lib\jconsole.jar;C:\Program Files (x86)\Java\jdk1.7.0_10\jre\..\lib\tools.jar;C:\Users\lenovo\.m2\repository\com\auth0\java-jwt\3.2.0\java-jwt-3.2.0.jar;C:\Users\lenovo\.m2\repository\commons-codec\commons-codec\1.10\commons-codec-1.10.jar;C:\Users\lenovo\.m2\repository\org\bouncycastle\bcprov-jdk15on\1.55\bcprov-jdk15on-1.55.jar;, user.name=lenovo, java.vm.specification.version=1.7, sun.java.command=E:\Test\TestiViewService\target\surefire\surefirebooter5854412767998242802.jar E:\Test\TestiViewService\target\surefire\surefire1595842713962048975tmp E:\Test\TestiViewService\target\surefire\surefire_03059123767266399270tmp, java.home=C:\Program Files (x86)\Java\jdk1.7.0_10\jre, sun.arch.data.model=32, user.language=zh, java.specification.vendor=Oracle Corporation, awt.toolkit=sun.awt.windows.WToolkit, java.vm.info=mixed mode, sharing, java.version=1.7.0_10, java.ext.dirs=C:\Program Files (x86)\Java\jdk1.7.0_10\jre\lib\ext;C:\WINDOWS\Sun\Java\lib\ext, sun.boot.class.path=C:\Program Files (x86)\Java\jdk1.7.0_10\jre\lib\resources.jar;C:\Program Files (x86)\Java\jdk1.7.0_10\jre\lib\rt.jar;C:\Program Files (x86)\Java\jdk1.7.0_10\jre\lib\sunrsasign.jar;C:\Program Files (x86)\Java\jdk1.7.0_10\jre\lib\jsse.jar;C:\Program Files (x86)\Java\jdk1.7.0_10\jre\lib\jce.jar;C:\Program Files (x86)\Java\jdk1.7.0_10\jre\lib\charsets.jar;C:\Program Files (x86)\Java\jdk1.7.0_10\jre\lib\jfr.jar;C:\Program Files (x86)\Java\jdk1.7.0_10\jre\classes, java.vendor=Oracle Corporation, localRepository=C:\Users\lenovo\.m2\repository, file.separator=\, java.vendor.url.bug=http://bugreport.sun.com/bugreport/, sun.io.unicode.encoding=UnicodeLittle, sun.cpu.endian=little, sun.desktop=windows, sun.cpu.isalist=pentium_pro+mmx pentium_pro pentium+mmx pentium i486 i386 i86}}, SystemEnvironmentPropertySource@17479295 {name='systemEnvironment', properties={USERPROFILE=C:\Users\lenovo, JAVA_HOME=C:\Program Files (x86)\Java\jdk1.7.0_10, PROGRAMDATA=C:\ProgramData, VS110COMNTOOLS=C:\Program Files (x86)\Microsoft Visual Studio 11.0\Common7\Tools\, MAVEN_CMD_LINE_ARGS=package, EASYPLUSSDK="C:\Program Files (x86)\Common Files\lenovo\easyplussdk\bin", DOCKER_TOOLBOX_INSTALL_PATH=C:\Program Files\Docker Toolbox, CONFIGSETROOT=C:\WINDOWS\ConfigSetRoot, VBOX_MSI_INSTALL_PATH=C:\Program Files\Oracle\VirtualBox\, COMMONPROGRAMFILES=C:\Program Files (x86)\Common Files, PROCESSOR_REVISION=3c03, MAVEN_PROJECTBASEDIR=E:\Test\TestiViewService, USERDOMAIN=Lenovo-PC, ALLUSERSPROFILE=C:\ProgramData, PROGRAMW6432=C:\Program Files, =E:=E:\Test\TestiViewService, TMP=C:\Users\lenovo\AppData\Local\Temp, PSMODULEPATH=C:\WINDOWS\system32\WindowsPowerShell\v1.0\Modules\;C:\Program Files (x86)\Microsoft SQL Server\110\Tools\PowerShell\Modules\, LOGONSERVER=\\LENOVO-PC, M2_HOME=E:\LG\apache-maven-3.3.3-bin\apache-maven-3.3.3, PATH=C:\ProgramData\Oracle\Java\javapath;C:\Program Files (x86)\Eziriz\.NET Reactor;C:\Program Files (x86)\Java\jdk1.7.0_10\bin;C:\Python27;E:\LG\apache-maven-3.3.3-bin\apache-maven-3.3.3\bin;D:\SoftwareGreen\JAVA\gradle-2.13\bin;C:\Program Files (x86)\Git\bin;C:\Program Files (x86)\nodejs;C:\Windows\System32;C:\Python27\Scripts;C:\WINDOWS\system32;C:\WINDOWS;C:\WINDOWS\System32\Wbem;C:\WINDOWS\System32\WindowsPowerShell\v1.0\;C:\Program Files\dotnet\;C:\Program Files (x86)\Windows Kits\8.0\Windows Performance Toolkit\;C:\Program Files (x86)\GitExtensions\;C:\Program Files\nodejs\;C:\Go\bin;C:\Program Files (x86)\scala\bin;C:\Program Files (x86)\sbt\bin;D:\javatool\apache-ant-1.9.9\bin;C:\Program Files (x86)\QuickTime\QTSystem\;C:\Ruby22-x64\bin;C:\Program Files (x86)\Microsoft VS Code\bin;C:\Users\lenovo\AppData\Local\Microsoft\WindowsApps;C:\Users\lenovo\AppData\Roaming\npm;C:\Program Files\Docker Toolbox;C:\Users\lenovo\AppData\Local\Programs\Fiddler, GRADLE_HOME=D:\SoftwareGreen\JAVA\gradle-2.13, PROMPT=$P$G, COMMONPROGRAMW6432=C:\Program Files\Common Files, PROCESSOR_LEVEL=6, GOPATH=C:\GoData, USERDOMAIN_ROAMINGPROFILE=Lenovo-PC, LOCALAPPDATA=C:\Users\lenovo\AppData\Local, COMPUTERNAME=LENOVO-PC, CLASSWORLDS_LAUNCHER=org.codehaus.plexus.classworlds.launcher.Launcher, USERNAME=lenovo, NLS_LANG=SIMPLIFIED CHINESE_CHINA.ZHS16GBK, READYAPPS=C:\ProgramData\Lenovo\ReadyApps, TOMCAT_HOME=E:\JAVA\apache-tomcat-7.0.11-windows-x86\apache-tomcat-7.0.11, WINDIR=C:\WINDOWS, APPDATA=C:\Users\lenovo\AppData\Roaming, PATHEXT=.COM;.EXE;.BAT;.CMD;.VBS;.VBE;.JS;.JSE;.WSF;.WSH;.MSC;.RB;.RBW, DOTNET_REACTOR=C:\Program Files (x86)\Eziriz\.NET Reactor, PROGRAMFILES(X86)=C:\Program Files (x86), GOROOT=C:\Go\, TEMP=C:\Users\lenovo\AppData\Local\Temp, HOMEDRIVE=C:, SYSTEMDRIVE=C:, =C:=C:\Windows\System32, ERROR_CODE=0, COMMONPROGRAMFILES(X86)=C:\Program Files (x86)\Common Files, CLASSWORLDS_JAR="E:\LG\apache-maven-3.3.3-bin\apache-maven-3.3.3\boot\plexus-classworlds-2.5.2.jar", PROCESSOR_IDENTIFIER=Intel64 Family 6 Model 60 Stepping 3, GenuineIntel, CLASSPATH=C:\Program Files (x86)\Java\jdk1.7.0_10/lib/rt.jar;C:\Program Files (x86)\Java\jdk1.7.0_10/lib/tools.jar;%TOMECAT_HOME%\lib;%TOMECAT_HOME%\bin\bootstrap.jarE:\JAVA\Microsoft_JDBC_Driver_4.0_for_SQL_Server\sqljdbc_4.0\chs\sqljdbc4.jar, MAVEN_JAVA_EXE="C:\Program Files (x86)\Java\jdk1.7.0_10\bin\java.exe", PROCESSOR_ARCHITECTURE=x86, FP_NO_HOST_CHECK=NO, OS=Windows_NT, PROCESSOR_ARCHITEW6432=AMD64, TVT=C:\Program Files (x86)\Lenovo, HOMEPATH=\Users\lenovo, COMSPEC=C:\WINDOWS\system32\cmd.exe, EXEC_DIR=E:\Test\TestiViewService, SBT_HOME=C:\Program Files (x86)\sbt\, ANT_HOME=D:\javatool\apache-ant-1.9.9, CATALINA_HOME=E:\JAVA\apache-tomcat-7.0.11-windows-x86\apache-tomcat-7.0.11, PROGRAMFILES=C:\Program Files (x86), WDIR=E:\, HOME=C:\Users\lenovo, NUMBER_OF_PROCESSORS=4, SYSTEMROOT=C:\WINDOWS, PUBLIC=C:\Users\Public}}]
10:50:20.208 [main] DEBUG org.springframework.core.io.support.PathMatchingResourcePatternResolver - Resolved classpath location [vueService/] to resources [URL [file:/E:/Test/TestiViewService/target/test-classes/vueService/], URL [file:/E:/Test/TestiViewService/target/classes/vueService/]]
10:50:20.208 [main] DEBUG org.springframework.core.io.support.PathMatchingResourcePatternResolver - Looking for matching resources in directory tree [E:\Test\TestiViewService\target\test-classes\vueService]
10:50:20.208 [main] DEBUG org.springframework.core.io.support.PathMatchingResourcePatternResolver - Searching directory [E:\Test\TestiViewService\target\test-classes\vueService] for files matching pattern [E:/Test/TestiViewService/target/test-classes/vueService/*.class]
10:50:20.208 [main] DEBUG org.springframework.core.io.support.PathMatchingResourcePatternResolver - Looking for matching resources in directory tree [E:\Test\TestiViewService\target\classes\vueService]
10:50:20.208 [main] DEBUG org.springframework.core.io.support.PathMatchingResourcePatternResolver - Searching directory [E:\Test\TestiViewService\target\classes\vueService] for files matching pattern [E:/Test/TestiViewService/target/classes/vueService/*.class]
10:50:20.208 [main] DEBUG org.springframework.core.io.support.PathMatchingResourcePatternResolver - Resolved location pattern [classpath*:vueService/*.class] to resources [file [E:\Test\TestiViewService\target\test-classes\vueService\PersonControllerTest.class]]
10:50:20.228 [main] DEBUG org.springframework.test.context.junit4.SpringJUnit4ClassRunner - SpringJUnit4ClassRunner constructor called with [class vueService.PersonControllerTest]
10:50:20.228 [main] DEBUG org.springframework.test.context.BootstrapUtils - Instantiating CacheAwareContextLoaderDelegate from class [org.springframework.test.context.cache.DefaultCacheAwareContextLoaderDelegate]
10:50:20.228 [main] DEBUG org.springframework.test.context.BootstrapUtils - Instantiating BootstrapContext using constructor [public org.springframework.test.context.support.DefaultBootstrapContext(java.lang.Class,org.springframework.test.context.CacheAwareContextLoaderDelegate)]
10:50:20.228 [main] DEBUG org.springframework.test.context.BootstrapUtils - Instantiating TestContextBootstrapper for test class [vueService.PersonControllerTest] from class [org.springframework.boot.test.context.SpringBootTestContextBootstrapper]
10:50:20.228 [main] INFO org.springframework.boot.test.context.SpringBootTestContextBootstrapper - Neither @ContextConfiguration nor @ContextHierarchy found for test class [vueService.PersonControllerTest], using SpringBootContextLoader
10:50:20.228 [main] DEBUG org.springframework.test.context.support.AbstractContextLoader - Did not detect default resource location for test class [vueService.PersonControllerTest]: class path resource [vueService/PersonControllerTest-context.xml] does not exist
10:50:20.228 [main] DEBUG org.springframework.test.context.support.AbstractContextLoader - Did not detect default resource location for test class [vueService.PersonControllerTest]: class path resource [vueService/PersonControllerTestContext.groovy] does not exist
10:50:20.228 [main] INFO org.springframework.test.context.support.AbstractContextLoader - Could not detect default resource locations for test class [vueService.PersonControllerTest]: no resource found for suffixes {-context.xml, Context.groovy}.
10:50:20.228 [main] INFO org.springframework.test.context.support.AnnotationConfigContextLoaderUtils - Could not detect default configuration classes for test class [vueService.PersonControllerTest]: PersonControllerTest does not declare any static, non-private, non-final, nested classes annotated with @Configuration.
10:50:20.238 [main] DEBUG org.springframework.test.context.support.ActiveProfilesUtils - Could not find an 'annotation declaring class' for annotation type [org.springframework.test.context.ActiveProfiles] and class [vueService.PersonControllerTest]
10:50:20.238 [main] DEBUG org.springframework.core.env.StandardEnvironment - Adding PropertySource 'systemProperties' with lowest search precedence
10:50:20.238 [main] DEBUG org.springframework.core.env.StandardEnvironment - Adding PropertySource 'systemEnvironment' with lowest search precedence
10:50:20.238 [main] DEBUG org.springframework.core.env.StandardEnvironment - Initialized StandardEnvironment with PropertySources [MapPropertySource@30836967 {name='systemProperties', properties={java.runtime.name=Java(TM) SE Runtime Environment, sun.boot.library.path=C:\Program Files (x86)\Java\jdk1.7.0_10\jre\bin, java.vm.version=23.6-b04, java.vm.vendor=Oracle Corporation, java.vendor.url=http://java.oracle.com/, path.separator=;, java.vm.name=Java HotSpot(TM) Client VM, file.encoding.pkg=sun.io, user.country=CN, user.script=, sun.java.launcher=SUN_STANDARD, sun.os.patch.level=, java.vm.specification.name=Java Virtual Machine Specification, user.dir=E:\Test\TestiViewService, java.runtime.version=1.7.0_10-b18, basedir=E:\Test\TestiViewService, java.awt.graphicsenv=sun.awt.Win32GraphicsEnvironment, java.endorsed.dirs=C:\Program Files (x86)\Java\jdk1.7.0_10\jre\lib\endorsed, os.arch=x86, surefire.real.class.path=E:\Test\TestiViewService\target\surefire\surefirebooter5854412767998242802.jar, java.io.tmpdir=C:\Users\lenovo\AppData\Local\Temp\, line.separator=
, java.vm.specification.vendor=Oracle Corporation, user.variant=, os.name=Windows 8, sun.jnu.encoding=GBK, java.library.path=C:\Program Files (x86)\Java\jdk1.7.0_10\jre\bin;C:\WINDOWS\Sun\Java\bin;C:\WINDOWS\system32;C:\WINDOWS;C:\ProgramData\Oracle\Java\javapath;C:\Program Files (x86)\Eziriz\.NET Reactor;C:\Program Files (x86)\Java\jdk1.7.0_10\bin;C:\Python27;E:\LG\apache-maven-3.3.3-bin\apache-maven-3.3.3\bin;D:\SoftwareGreen\JAVA\gradle-2.13\bin;C:\Program Files (x86)\Git\bin;C:\Program Files (x86)\nodejs;C:\Windows\System32;C:\Python27\Scripts;C:\WINDOWS\system32;C:\WINDOWS;C:\WINDOWS\System32\Wbem;C:\WINDOWS\System32\WindowsPowerShell\v1.0\;C:\Program Files\dotnet\;C:\Program Files (x86)\Windows Kits\8.0\Windows Performance Toolkit\;C:\Program Files (x86)\GitExtensions\;C:\Program Files\nodejs\;C:\Go\bin;C:\Program Files (x86)\scala\bin;C:\Program Files (x86)\sbt\bin;D:\javatool\apache-ant-1.9.9\bin;C:\Program Files (x86)\QuickTime\QTSystem\;C:\Ruby22-x64\bin;C:\Program Files (x86)\Microsoft VS Code\bin;C:\Users\lenovo\AppData\Local\Microsoft\WindowsApps;C:\Users\lenovo\AppData\Roaming\npm;C:\Program Files\Docker Toolbox;C:\Users\lenovo\AppData\Local\Programs\Fiddler;., surefire.test.class.path=E:\Test\TestiViewService\target\test-classes;E:\Test\TestiViewService\target\classes;C:\Users\lenovo\.m2\repository\org\springframework\boot\spring-boot-starter-web\1.5.9.RELEASE\spring-boot-starter-web-1.5.9.RELEASE.jar;C:\Users\lenovo\.m2\repository\org\springframework\boot\spring-boot-starter\1.5.9.RELEASE\spring-boot-starter-1.5.9.RELEASE.jar;C:\Users\lenovo\.m2\repository\org\springframework\boot\spring-boot\1.5.9.RELEASE\spring-boot-1.5.9.RELEASE.jar;C:\Users\lenovo\.m2\repository\org\springframework\boot\spring-boot-autoconfigure\1.5.9.RELEASE\spring-boot-autoconfigure-1.5.9.RELEASE.jar;C:\Users\lenovo\.m2\repository\org\springframework\boot\spring-boot-starter-logging\1.5.9.RELEASE\spring-boot-starter-logging-1.5.9.RELEASE.jar;C:\Users\lenovo\.m2\repository\ch\qos\logback\logback-classic\1.1.11\logback-classic-1.1.11.jar;C:\Users\lenovo\.m2\repository\ch\qos\logback\logback-core\1.1.11\logback-core-1.1.11.jar;C:\Users\lenovo\.m2\repository\org\slf4j\jcl-over-slf4j\1.7.25\jcl-over-slf4j-1.7.25.jar;C:\Users\lenovo\.m2\repository\org\slf4j\jul-to-slf4j\1.7.25\jul-to-slf4j-1.7.25.jar;C:\Users\lenovo\.m2\repository\org\slf4j\log4j-over-slf4j\1.7.25\log4j-over-slf4j-1.7.25.jar;C:\Users\lenovo\.m2\repository\org\yaml\snakeyaml\1.17\snakeyaml-1.17.jar;C:\Users\lenovo\.m2\repository\org\springframework\boot\spring-boot-starter-tomcat\1.5.9.RELEASE\spring-boot-starter-tomcat-1.5.9.RELEASE.jar;C:\Users\lenovo\.m2\repository\org\apache\tomcat\embed\tomcat-embed-core\8.5.23\tomcat-embed-core-8.5.23.jar;C:\Users\lenovo\.m2\repository\org\apache\tomcat\tomcat-annotations-api\8.5.23\tomcat-annotations-api-8.5.23.jar;C:\Users\lenovo\.m2\repository\org\apache\tomcat\embed\tomcat-embed-el\8.5.23\tomcat-embed-el-8.5.23.jar;C:\Users\lenovo\.m2\repository\org\apache\tomcat\embed\tomcat-embed-websocket\8.5.23\tomcat-embed-websocket-8.5.23.jar;C:\Users\lenovo\.m2\repository\org\hibernate\hibernate-validator\5.3.6.Final\hibernate-validator-5.3.6.Final.jar;C:\Users\lenovo\.m2\repository\javax\validation\validation-api\1.1.0.Final\validation-api-1.1.0.Final.jar;C:\Users\lenovo\.m2\repository\org\jboss\logging\jboss-logging\3.3.1.Final\jboss-logging-3.3.1.Final.jar;C:\Users\lenovo\.m2\repository\com\fasterxml\classmate\1.3.4\classmate-1.3.4.jar;C:\Users\lenovo\.m2\repository\com\fasterxml\jackson\core\jackson-databind\2.8.10\jackson-databind-2.8.10.jar;C:\Users\lenovo\.m2\repository\com\fasterxml\jackson\core\jackson-annotations\2.8.0\jackson-annotations-2.8.0.jar;C:\Users\lenovo\.m2\repository\com\fasterxml\jackson\core\jackson-core\2.8.10\jackson-core-2.8.10.jar;C:\Users\lenovo\.m2\repository\org\springframework\spring-web\4.3.13.RELEASE\spring-web-4.3.13.RELEASE.jar;C:\Users\lenovo\.m2\repository\org\springframework\spring-aop\4.3.13.RELEASE\spring-aop-4.3.13.RELEASE.jar;C:\Users\lenovo\.m2\repository\org\springframework\spring-context\4.3.13.RELEASE\spring-context-4.3.13.RELEASE.jar;C:\Users\lenovo\.m2\repository\org\springframework\spring-webmvc\4.3.13.RELEASE\spring-webmvc-4.3.13.RELEASE.jar;C:\Users\lenovo\.m2\repository\org\springframework\spring-expression\4.3.13.RELEASE\spring-expression-4.3.13.RELEASE.jar;C:\Users\lenovo\.m2\repository\org\springframework\boot\spring-boot-starter-test\1.5.9.RELEASE\spring-boot-starter-test-1.5.9.RELEASE.jar;C:\Users\lenovo\.m2\repository\org\springframework\boot\spring-boot-test\1.5.9.RELEASE\spring-boot-test-1.5.9.RELEASE.jar;C:\Users\lenovo\.m2\repository\org\springframework\boot\spring-boot-test-autoconfigure\1.5.9.RELEASE\spring-boot-test-autoconfigure-1.5.9.RELEASE.jar;C:\Users\lenovo\.m2\repository\junit\junit\4.12\junit-4.12.jar;C:\Users\lenovo\.m2\repository\org\assertj\assertj-core\2.6.0\assertj-core-2.6.0.jar;C:\Users\lenovo\.m2\repository\org\mockito\mockito-core\1.10.19\mockito-core-1.10.19.jar;C:\Users\lenovo\.m2\repository\org\objenesis\objenesis\2.1\objenesis-2.1.jar;C:\Users\lenovo\.m2\repository\org\hamcrest\hamcrest-core\1.3\hamcrest-core-1.3.jar;C:\Users\lenovo\.m2\repository\org\hamcrest\hamcrest-library\1.3\hamcrest-library-1.3.jar;C:\Users\lenovo\.m2\repository\org\skyscreamer\jsonassert\1.4.0\jsonassert-1.4.0.jar;C:\Users\lenovo\.m2\repository\com\vaadin\external\google\android-json\0.0.20131108.vaadin1\android-json-0.0.20131108.vaadin1.jar;C:\Users\lenovo\.m2\repository\org\springframework\spring-core\4.3.13.RELEASE\spring-core-4.3.13.RELEASE.jar;C:\Users\lenovo\.m2\repository\org\springframework\spring-test\4.3.13.RELEASE\spring-test-4.3.13.RELEASE.jar;C:\Users\lenovo\.m2\repository\org\springframework\spring-jdbc\4.3.13.RELEASE\spring-jdbc-4.3.13.RELEASE.jar;C:\Users\lenovo\.m2\repository\org\springframework\spring-beans\4.3.13.RELEASE\spring-beans-4.3.13.RELEASE.jar;C:\Users\lenovo\.m2\repository\org\springframework\spring-tx\4.3.13.RELEASE\spring-tx-4.3.13.RELEASE.jar;C:\Users\lenovo\.m2\repository\com\jayway\jsonpath\json-path\2.2.0\json-path-2.2.0.jar;C:\Users\lenovo\.m2\repository\net\minidev\json-smart\2.2.1\json-smart-2.2.1.jar;C:\Users\lenovo\.m2\repository\net\minidev\accessors-smart\1.1\accessors-smart-1.1.jar;C:\Users\lenovo\.m2\repository\org\ow2\asm\asm\5.0.3\asm-5.0.3.jar;C:\Users\lenovo\.m2\repository\org\slf4j\slf4j-api\1.7.25\slf4j-api-1.7.25.jar;C:\Users\lenovo\.m2\repository\mysql\mysql-connector-java\5.1.44\mysql-connector-java-5.1.44.jar;C:\Users\lenovo\.m2\repository\com\alibaba\druid\1.0.19\druid-1.0.19.jar;C:\Program Files (x86)\Java\jdk1.7.0_10\jre\..\lib\jconsole.jar;C:\Program Files (x86)\Java\jdk1.7.0_10\jre\..\lib\tools.jar;C:\Users\lenovo\.m2\repository\com\auth0\java-jwt\3.2.0\java-jwt-3.2.0.jar;C:\Users\lenovo\.m2\repository\commons-codec\commons-codec\1.10\commons-codec-1.10.jar;C:\Users\lenovo\.m2\repository\org\bouncycastle\bcprov-jdk15on\1.55\bcprov-jdk15on-1.55.jar;, java.specification.name=Java Platform API Specification, java.class.version=51.0, sun.management.compiler=HotSpot Client Compiler, os.version=6.2, user.home=C:\Users\lenovo, user.timezone=Asia/Shanghai, java.awt.printerjob=sun.awt.windows.WPrinterJob, file.encoding=GBK, java.specification.version=1.7, java.class.path=E:\Test\TestiViewService\target\test-classes;E:\Test\TestiViewService\target\classes;C:\Users\lenovo\.m2\repository\org\springframework\boot\spring-boot-starter-web\1.5.9.RELEASE\spring-boot-starter-web-1.5.9.RELEASE.jar;C:\Users\lenovo\.m2\repository\org\springframework\boot\spring-boot-starter\1.5.9.RELEASE\spring-boot-starter-1.5.9.RELEASE.jar;C:\Users\lenovo\.m2\repository\org\springframework\boot\spring-boot\1.5.9.RELEASE\spring-boot-1.5.9.RELEASE.jar;C:\Users\lenovo\.m2\repository\org\springframework\boot\spring-boot-autoconfigure\1.5.9.RELEASE\spring-boot-autoconfigure-1.5.9.RELEASE.jar;C:\Users\lenovo\.m2\repository\org\springframework\boot\spring-boot-starter-logging\1.5.9.RELEASE\spring-boot-starter-logging-1.5.9.RELEASE.jar;C:\Users\lenovo\.m2\repository\ch\qos\logback\logback-classic\1.1.11\logback-classic-1.1.11.jar;C:\Users\lenovo\.m2\repository\ch\qos\logback\logback-core\1.1.11\logback-core-1.1.11.jar;C:\Users\lenovo\.m2\repository\org\slf4j\jcl-over-slf4j\1.7.25\jcl-over-slf4j-1.7.25.jar;C:\Users\lenovo\.m2\repository\org\slf4j\jul-to-slf4j\1.7.25\jul-to-slf4j-1.7.25.jar;C:\Users\lenovo\.m2\repository\org\slf4j\log4j-over-slf4j\1.7.25\log4j-over-slf4j-1.7.25.jar;C:\Users\lenovo\.m2\repository\org\yaml\snakeyaml\1.17\snakeyaml-1.17.jar;C:\Users\lenovo\.m2\repository\org\springframework\boot\spring-boot-starter-tomcat\1.5.9.RELEASE\spring-boot-starter-tomcat-1.5.9.RELEASE.jar;C:\Users\lenovo\.m2\repository\org\apache\tomcat\embed\tomcat-embed-core\8.5.23\tomcat-embed-core-8.5.23.jar;C:\Users\lenovo\.m2\repository\org\apache\tomcat\tomcat-annotations-api\8.5.23\tomcat-annotations-api-8.5.23.jar;C:\Users\lenovo\.m2\repository\org\apache\tomcat\embed\tomcat-embed-el\8.5.23\tomcat-embed-el-8.5.23.jar;C:\Users\lenovo\.m2\repository\org\apache\tomcat\embed\tomcat-embed-websocket\8.5.23\tomcat-embed-websocket-8.5.23.jar;C:\Users\lenovo\.m2\repository\org\hibernate\hibernate-validator\5.3.6.Final\hibernate-validator-5.3.6.Final.jar;C:\Users\lenovo\.m2\repository\javax\validation\validation-api\1.1.0.Final\validation-api-1.1.0.Final.jar;C:\Users\lenovo\.m2\repository\org\jboss\logging\jboss-logging\3.3.1.Final\jboss-logging-3.3.1.Final.jar;C:\Users\lenovo\.m2\repository\com\fasterxml\classmate\1.3.4\classmate-1.3.4.jar;C:\Users\lenovo\.m2\repository\com\fasterxml\jackson\core\jackson-databind\2.8.10\jackson-databind-2.8.10.jar;C:\Users\lenovo\.m2\repository\com\fasterxml\jackson\core\jackson-annotations\2.8.0\jackson-annotations-2.8.0.jar;C:\Users\lenovo\.m2\repository\com\fasterxml\jackson\core\jackson-core\2.8.10\jackson-core-2.8.10.jar;C:\Users\lenovo\.m2\repository\org\springframework\spring-web\4.3.13.RELEASE\spring-web-4.3.13.RELEASE.jar;C:\Users\lenovo\.m2\repository\org\springframework\spring-aop\4.3.13.RELEASE\spring-aop-4.3.13.RELEASE.jar;C:\Users\lenovo\.m2\repository\org\springframework\spring-context\4.3.13.RELEASE\spring-context-4.3.13.RELEASE.jar;C:\Users\lenovo\.m2\repository\org\springframework\spring-webmvc\4.3.13.RELEASE\spring-webmvc-4.3.13.RELEASE.jar;C:\Users\lenovo\.m2\repository\org\springframework\spring-expression\4.3.13.RELEASE\spring-expression-4.3.13.RELEASE.jar;C:\Users\lenovo\.m2\repository\org\springframework\boot\spring-boot-starter-test\1.5.9.RELEASE\spring-boot-starter-test-1.5.9.RELEASE.jar;C:\Users\lenovo\.m2\repository\org\springframework\boot\spring-boot-test\1.5.9.RELEASE\spring-boot-test-1.5.9.RELEASE.jar;C:\Users\lenovo\.m2\repository\org\springframework\boot\spring-boot-test-autoconfigure\1.5.9.RELEASE\spring-boot-test-autoconfigure-1.5.9.RELEASE.jar;C:\Users\lenovo\.m2\repository\junit\junit\4.12\junit-4.12.jar;C:\Users\lenovo\.m2\repository\org\assertj\assertj-core\2.6.0\assertj-core-2.6.0.jar;C:\Users\lenovo\.m2\repository\org\mockito\mockito-core\1.10.19\mockito-core-1.10.19.jar;C:\Users\lenovo\.m2\repository\org\objenesis\objenesis\2.1\objenesis-2.1.jar;C:\Users\lenovo\.m2\repository\org\hamcrest\hamcrest-core\1.3\hamcrest-core-1.3.jar;C:\Users\lenovo\.m2\repository\org\hamcrest\hamcrest-library\1.3\hamcrest-library-1.3.jar;C:\Users\lenovo\.m2\repository\org\skyscreamer\jsonassert\1.4.0\jsonassert-1.4.0.jar;C:\Users\lenovo\.m2\repository\com\vaadin\external\google\android-json\0.0.20131108.vaadin1\android-json-0.0.20131108.vaadin1.jar;C:\Users\lenovo\.m2\repository\org\springframework\spring-core\4.3.13.RELEASE\spring-core-4.3.13.RELEASE.jar;C:\Users\lenovo\.m2\repository\org\springframework\spring-test\4.3.13.RELEASE\spring-test-4.3.13.RELEASE.jar;C:\Users\lenovo\.m2\repository\org\springframework\spring-jdbc\4.3.13.RELEASE\spring-jdbc-4.3.13.RELEASE.jar;C:\Users\lenovo\.m2\repository\org\springframework\spring-beans\4.3.13.RELEASE\spring-beans-4.3.13.RELEASE.jar;C:\Users\lenovo\.m2\repository\org\springframework\spring-tx\4.3.13.RELEASE\spring-tx-4.3.13.RELEASE.jar;C:\Users\lenovo\.m2\repository\com\jayway\jsonpath\json-path\2.2.0\json-path-2.2.0.jar;C:\Users\lenovo\.m2\repository\net\minidev\json-smart\2.2.1\json-smart-2.2.1.jar;C:\Users\lenovo\.m2\repository\net\minidev\accessors-smart\1.1\accessors-smart-1.1.jar;C:\Users\lenovo\.m2\repository\org\ow2\asm\asm\5.0.3\asm-5.0.3.jar;C:\Users\lenovo\.m2\repository\org\slf4j\slf4j-api\1.7.25\slf4j-api-1.7.25.jar;C:\Users\lenovo\.m2\repository\mysql\mysql-connector-java\5.1.44\mysql-connector-java-5.1.44.jar;C:\Users\lenovo\.m2\repository\com\alibaba\druid\1.0.19\druid-1.0.19.jar;C:\Program Files (x86)\Java\jdk1.7.0_10\jre\..\lib\jconsole.jar;C:\Program Files (x86)\Java\jdk1.7.0_10\jre\..\lib\tools.jar;C:\Users\lenovo\.m2\repository\com\auth0\java-jwt\3.2.0\java-jwt-3.2.0.jar;C:\Users\lenovo\.m2\repository\commons-codec\commons-codec\1.10\commons-codec-1.10.jar;C:\Users\lenovo\.m2\repository\org\bouncycastle\bcprov-jdk15on\1.55\bcprov-jdk15on-1.55.jar;, user.name=lenovo, java.vm.specification.version=1.7, sun.java.command=E:\Test\TestiViewService\target\surefire\surefirebooter5854412767998242802.jar E:\Test\TestiViewService\target\surefire\surefire1595842713962048975tmp E:\Test\TestiViewService\target\surefire\surefire_03059123767266399270tmp, java.home=C:\Program Files (x86)\Java\jdk1.7.0_10\jre, sun.arch.data.model=32, user.language=zh, java.specification.vendor=Oracle Corporation, awt.toolkit=sun.awt.windows.WToolkit, java.vm.info=mixed mode, sharing, java.version=1.7.0_10, java.ext.dirs=C:\Program Files (x86)\Java\jdk1.7.0_10\jre\lib\ext;C:\WINDOWS\Sun\Java\lib\ext, sun.boot.class.path=C:\Program Files (x86)\Java\jdk1.7.0_10\jre\lib\resources.jar;C:\Program Files (x86)\Java\jdk1.7.0_10\jre\lib\rt.jar;C:\Program Files (x86)\Java\jdk1.7.0_10\jre\lib\sunrsasign.jar;C:\Program Files (x86)\Java\jdk1.7.0_10\jre\lib\jsse.jar;C:\Program Files (x86)\Java\jdk1.7.0_10\jre\lib\jce.jar;C:\Program Files (x86)\Java\jdk1.7.0_10\jre\lib\charsets.jar;C:\Program Files (x86)\Java\jdk1.7.0_10\jre\lib\jfr.jar;C:\Program Files (x86)\Java\jdk1.7.0_10\jre\classes, java.vendor=Oracle Corporation, localRepository=C:\Users\lenovo\.m2\repository, file.separator=\, java.vendor.url.bug=http://bugreport.sun.com/bugreport/, sun.io.unicode.encoding=UnicodeLittle, sun.cpu.endian=little, sun.desktop=windows, sun.cpu.isalist=pentium_pro+mmx pentium_pro pentium+mmx pentium i486 i386 i86}}, SystemEnvironmentPropertySource@28710248 {name='systemEnvironment', properties={USERPROFILE=C:\Users\lenovo, JAVA_HOME=C:\Program Files (x86)\Java\jdk1.7.0_10, PROGRAMDATA=C:\ProgramData, VS110COMNTOOLS=C:\Program Files (x86)\Microsoft Visual Studio 11.0\Common7\Tools\, MAVEN_CMD_LINE_ARGS=package, EASYPLUSSDK="C:\Program Files (x86)\Common Files\lenovo\easyplussdk\bin", DOCKER_TOOLBOX_INSTALL_PATH=C:\Program Files\Docker Toolbox, CONFIGSETROOT=C:\WINDOWS\ConfigSetRoot, VBOX_MSI_INSTALL_PATH=C:\Program Files\Oracle\VirtualBox\, COMMONPROGRAMFILES=C:\Program Files (x86)\Common Files, PROCESSOR_REVISION=3c03, MAVEN_PROJECTBASEDIR=E:\Test\TestiViewService, USERDOMAIN=Lenovo-PC, ALLUSERSPROFILE=C:\ProgramData, PROGRAMW6432=C:\Program Files, =E:=E:\Test\TestiViewService, TMP=C:\Users\lenovo\AppData\Local\Temp, PSMODULEPATH=C:\WINDOWS\system32\WindowsPowerShell\v1.0\Modules\;C:\Program Files (x86)\Microsoft SQL Server\110\Tools\PowerShell\Modules\, LOGONSERVER=\\LENOVO-PC, M2_HOME=E:\LG\apache-maven-3.3.3-bin\apache-maven-3.3.3, PATH=C:\ProgramData\Oracle\Java\javapath;C:\Program Files (x86)\Eziriz\.NET Reactor;C:\Program Files (x86)\Java\jdk1.7.0_10\bin;C:\Python27;E:\LG\apache-maven-3.3.3-bin\apache-maven-3.3.3\bin;D:\SoftwareGreen\JAVA\gradle-2.13\bin;C:\Program Files (x86)\Git\bin;C:\Program Files (x86)\nodejs;C:\Windows\System32;C:\Python27\Scripts;C:\WINDOWS\system32;C:\WINDOWS;C:\WINDOWS\System32\Wbem;C:\WINDOWS\System32\WindowsPowerShell\v1.0\;C:\Program Files\dotnet\;C:\Program Files (x86)\Windows Kits\8.0\Windows Performance Toolkit\;C:\Program Files (x86)\GitExtensions\;C:\Program Files\nodejs\;C:\Go\bin;C:\Program Files (x86)\scala\bin;C:\Program Files (x86)\sbt\bin;D:\javatool\apache-ant-1.9.9\bin;C:\Program Files (x86)\QuickTime\QTSystem\;C:\Ruby22-x64\bin;C:\Program Files (x86)\Microsoft VS Code\bin;C:\Users\lenovo\AppData\Local\Microsoft\WindowsApps;C:\Users\lenovo\AppData\Roaming\npm;C:\Program Files\Docker Toolbox;C:\Users\lenovo\AppData\Local\Programs\Fiddler, GRADLE_HOME=D:\SoftwareGreen\JAVA\gradle-2.13, PROMPT=$P$G, COMMONPROGRAMW6432=C:\Program Files\Common Files, PROCESSOR_LEVEL=6, GOPATH=C:\GoData, USERDOMAIN_ROAMINGPROFILE=Lenovo-PC, LOCALAPPDATA=C:\Users\lenovo\AppData\Local, COMPUTERNAME=LENOVO-PC, CLASSWORLDS_LAUNCHER=org.codehaus.plexus.classworlds.launcher.Launcher, USERNAME=lenovo, NLS_LANG=SIMPLIFIED CHINESE_CHINA.ZHS16GBK, READYAPPS=C:\ProgramData\Lenovo\ReadyApps, TOMCAT_HOME=E:\JAVA\apache-tomcat-7.0.11-windows-x86\apache-tomcat-7.0.11, WINDIR=C:\WINDOWS, APPDATA=C:\Users\lenovo\AppData\Roaming, PATHEXT=.COM;.EXE;.BAT;.CMD;.VBS;.VBE;.JS;.JSE;.WSF;.WSH;.MSC;.RB;.RBW, DOTNET_REACTOR=C:\Program Files (x86)\Eziriz\.NET Reactor, PROGRAMFILES(X86)=C:\Program Files (x86), GOROOT=C:\Go\, TEMP=C:\Users\lenovo\AppData\Local\Temp, HOMEDRIVE=C:, SYSTEMDRIVE=C:, =C:=C:\Windows\System32, ERROR_CODE=0, COMMONPROGRAMFILES(X86)=C:\Program Files (x86)\Common Files, CLASSWORLDS_JAR="E:\LG\apache-maven-3.3.3-bin\apache-maven-3.3.3\boot\plexus-classworlds-2.5.2.jar", PROCESSOR_IDENTIFIER=Intel64 Family 6 Model 60 Stepping 3, GenuineIntel, CLASSPATH=C:\Program Files (x86)\Java\jdk1.7.0_10/lib/rt.jar;C:\Program Files (x86)\Java\jdk1.7.0_10/lib/tools.jar;%TOMECAT_HOME%\lib;%TOMECAT_HOME%\bin\bootstrap.jarE:\JAVA\Microsoft_JDBC_Driver_4.0_for_SQL_Server\sqljdbc_4.0\chs\sqljdbc4.jar, MAVEN_JAVA_EXE="C:\Program Files (x86)\Java\jdk1.7.0_10\bin\java.exe", PROCESSOR_ARCHITECTURE=x86, FP_NO_HOST_CHECK=NO, OS=Windows_NT, PROCESSOR_ARCHITEW6432=AMD64, TVT=C:\Program Files (x86)\Lenovo, HOMEPATH=\Users\lenovo, COMSPEC=C:\WINDOWS\system32\cmd.exe, EXEC_DIR=E:\Test\TestiViewService, SBT_HOME=C:\Program Files (x86)\sbt\, ANT_HOME=D:\javatool\apache-ant-1.9.9, CATALINA_HOME=E:\JAVA\apache-tomcat-7.0.11-windows-x86\apache-tomcat-7.0.11, PROGRAMFILES=C:\Program Files (x86), WDIR=E:\, HOME=C:\Users\lenovo, NUMBER_OF_PROCESSORS=4, SYSTEMROOT=C:\WINDOWS, PUBLIC=C:\Users\Public}}]
10:50:20.248 [main] DEBUG org.springframework.core.io.support.PathMatchingResourcePatternResolver - Resolved classpath location [vueService/] to resources [URL [file:/E:/Test/TestiViewService/target/test-classes/vueService/], URL [file:/E:/Test/TestiViewService/target/classes/vueService/]]
10:50:20.248 [main] DEBUG org.springframework.core.io.support.PathMatchingResourcePatternResolver - Looking for matching resources in directory tree [E:\Test\TestiViewService\target\test-classes\vueService]
10:50:20.248 [main] DEBUG org.springframework.core.io.support.PathMatchingResourcePatternResolver - Searching directory [E:\Test\TestiViewService\target\test-classes\vueService] for files matching pattern [E:/Test/TestiViewService/target/test-classes/vueService/*.class]
10:50:20.248 [main] DEBUG org.springframework.core.io.support.PathMatchingResourcePatternResolver - Looking for matching resources in directory tree [E:\Test\TestiViewService\target\classes\vueService]
10:50:20.248 [main] DEBUG org.springframework.core.io.support.PathMatchingResourcePatternResolver - Searching directory [E:\Test\TestiViewService\target\classes\vueService] for files matching pattern [E:/Test/TestiViewService/target/classes/vueService/*.class]
10:50:20.248 [main] DEBUG org.springframework.core.io.support.PathMatchingResourcePatternResolver - Resolved location pattern [classpath*:vueService/*.class] to resources [file [E:\Test\TestiViewService\target\test-classes\vueService\PersonControllerTest.class]]
]]></system-out>
  </testcase>
</testsuite>